[debug] [2019-04-05T17:04:29.338Z] ----------------------------------------------------------------------
[debug] [2019-04-05T17:04:29.339Z] Command:       /Users/lharris/.nvm/versions/node/v8.15.1/bin/node /Users/lharris/.nvm/versions/node/v8.15.1/bin/firebase deploy --only functions:dialogflowFirebaseFulfillment
[debug] [2019-04-05T17:04:29.340Z] CLI Version:   6.5.2
[debug] [2019-04-05T17:04:29.340Z] Platform:      darwin
[debug] [2019-04-05T17:04:29.340Z] Node Version:  v8.15.1
[debug] [2019-04-05T17:04:29.340Z] Time:          Fri Apr 05 2019 13:04:29 GMT-0400 (EDT)
[debug] [2019-04-05T17:04:29.340Z] ----------------------------------------------------------------------
[debug] 
[debug] [2019-04-05T17:04:29.347Z] > command requires scopes: ["email","openid","https://www.googleapis.com/auth/cloudplatformprojects.readonly","https://www.googleapis.com/auth/firebase","https://www.googleapis.com/auth/cloud-platform"]
[debug] [2019-04-05T17:04:29.347Z] > authorizing via signed-in user
[debug] [2019-04-05T17:04:29.347Z] [iam] checking project assistantsample-cb521 for permissions ["cloudfunctions.functions.create","cloudfunctions.functions.delete","cloudfunctions.functions.get","cloudfunctions.functions.list","cloudfunctions.functions.update","cloudfunctions.operations.get","firebase.projects.get"]
[debug] [2019-04-05T17:04:29.349Z] >>> HTTP REQUEST POST https://cloudresourcemanager.googleapis.com/v1/projects/assistantsample-cb521:testIamPermissions  

[debug] [2019-04-05T17:04:29.579Z] <<< HTTP RESPONSE 200
[info] 
[info] === Deploying to 'assistantsample-cb521'...
[info] 
[info] i  deploying functions
[debug] [2019-04-05T17:04:30.975Z] > [functions] package.json contents: {
  "name": "dialogflowFirebaseFulfillment",
  "description": "This is the default fulfillment for a Dialogflow agents using Cloud Functions for Firebase",
  "version": "0.0.1",
  "private": true,
  "license": "Apache Version 2.0",
  "author": "Google Inc.",
  "engines": {
    "node": "6"
  },
  "scripts": {
    "start": "firebase serve --only functions:dialogflowFirebaseFulfillment",
    "deploy": "firebase deploy --only functions:dialogflowFirebaseFulfillment"
  },
  "dependencies": {
    "8": "0.0.1",
    "actions-on-google": "^2.2.0",
    "dialogflow": "^0.6.0",
    "dialogflow-fulfillment": "^0.5.0",
    "firebase-admin": "^5.13.1",
    "firebase-functions": "^2.0.2"
  }
}
[info] i  functions: ensuring necessary APIs are enabled...
[debug] [2019-04-05T17:04:30.975Z] >>> HTTP REQUEST GET https://servicemanagement.googleapis.com/v1/services/cloudfunctions.googleapis.com/projectSettings/assistantsample-cb521?view=CONSUMER_VIEW  
 
[debug] [2019-04-05T17:04:30.976Z] >>> HTTP REQUEST GET https://servicemanagement.googleapis.com/v1/services/runtimeconfig.googleapis.com/projectSettings/assistantsample-cb521?view=CONSUMER_VIEW  
 
[debug] [2019-04-05T17:04:31.717Z] <<< HTTP RESPONSE 200
[debug] [2019-04-05T17:04:31.815Z] <<< HTTP RESPONSE 200
[info] ✔  functions: all necessary APIs are enabled
[debug] [2019-04-05T17:04:31.816Z] >>> HTTP REQUEST GET https://cloudresourcemanager.googleapis.com/v1/projects/assistantsample-cb521  
 
[debug] [2019-04-05T17:04:32.020Z] <<< HTTP RESPONSE 200
[debug] [2019-04-05T17:04:32.020Z] >>> HTTP REQUEST GET https://mobilesdk-pa.googleapis.com/v1/projects/933298160859:getServerAppConfig  
 
[debug] [2019-04-05T17:04:32.160Z] <<< HTTP RESPONSE 200
[info] i  functions: preparing functions directory for uploading...
[debug] [2019-04-05T17:04:32.162Z] >>> HTTP REQUEST GET https://runtimeconfig.googleapis.com/v1beta1/projects/assistantsample-cb521/configs  
 
[debug] [2019-04-05T17:04:32.495Z] <<< HTTP RESPONSE 200
[info] i  functions: packaged functions (45.08 KB) for uploading
[debug] [2019-04-05T17:04:32.948Z] >>> HTTP REQUEST POST https://cloudfunctions.googleapis.com/v1/projects/assistantsample-cb521/locations/us-central1/functions:generateUploadUrl  
 
[debug] [2019-04-05T17:04:33.180Z] <<< HTTP RESPONSE 200
[debug] [2019-04-05T17:04:33.180Z] >>> HTTP REQUEST PUT https://storage.googleapis.com/gcf-upload-us-central1-70fbc03e-edde-4fe9-805d-55405fdb1075/ff3e98f0-cb50-41b6-b67c-1988cdc32641.zip?GoogleAccessId=service-933298160859@gcf-admin-robot.iam.gserviceaccount.com&Expires=1554485673&Signature=jqP4h2FWLVclGyHYEhg5rsb%2BE%2FDkJ8wUi25d%2FhyIQzCGvtec%2Fgq0xMnJ88cmzccNyrilD%2Bqc3rij65xEGqpamMiZCkxNcQ%2B27oaQZOsgBg6RIC8DCO71VGSslTlmmThIUlGTiAzW%2BhACeAyW1jEkGmfyd1PSAOW%2FVBc6rw%2FDRfe%2BlRipif87KTUzsCM1CemkYN%2BfXhdeCT4RQAWXBbDn2MoXLXD4ULz2hyk3Zf5mf2bOCC63c%2B1I%2B9%2FVODqpI8g6N4swlXDbfjt6Z8zRzOWqvRd5ICxdGv9T4MxFJvHwdDin2SC24iUMqXZ3lExcbTQYkO0qn5Bvvuv1WMPmQbcfAA%3D%3D  

[debug] [2019-04-05T17:04:33.391Z] <<< HTTP RESPONSE 200
[info] ✔  functions: functions folder uploaded successfully
[debug] [2019-04-05T17:04:33.393Z] >>> HTTP REQUEST GET https://cloudfunctions.googleapis.com/v1/projects/assistantsample-cb521/locations/-/functions  
 
[debug] [2019-04-05T17:04:33.886Z] <<< HTTP RESPONSE 200
[debug] [2019-04-05T17:04:33.887Z] > [functions] filtering triggers to: [
  "projects/assistantsample-cb521/locations/us-central1/functions/dialogflowFirebaseFulfillment"
]
[info] i  functions: current functions in project: dialogflowFirebaseFulfillment(us-central1)
[info] i  functions: uploading functions in project: dialogflowFirebaseFulfillment(us-central1)
[info] i  functions: updating Node.js 6 function dialogflowFirebaseFulfillment(us-central1)...
[debug] [2019-04-05T17:04:33.890Z] Trigger is:  {"httpsTrigger":{}}
[debug] [2019-04-05T17:04:33.892Z] >>> HTTP REQUEST PATCH https://cloudfunctions.googleapis.com/v1/projects/assistantsample-cb521/locations/us-central1/functions/dialogflowFirebaseFulfillment {"updateMask":"sourceUploadUrl,name,labels,runtime,httpsTrigger"} 

[debug] [2019-04-05T17:04:34.565Z] <<< HTTP RESPONSE 200
[debug] [2019-04-05T17:04:34.568Z] >>> HTTP REQUEST GET https://cloudfunctions.googleapis.com/v1/projects/assistantsample-cb521/locations/-/functions  
 
[debug] [2019-04-05T17:04:34.868Z] <<< HTTP RESPONSE 200
[debug] [2019-04-05T17:04:34.870Z] >>> HTTP REQUEST GET https://cloudfunctions.googleapis.com/v1/operations/YXNzaXN0YW50c2FtcGxlLWNiNTIxL3VzLWNlbnRyYWwxL2RpYWxvZ2Zsb3dGaXJlYmFzZUZ1bGZpbGxtZW50L3lERk1fNGx0OS13  
 
[debug] [2019-04-05T17:04:35.178Z] <<< HTTP RESPONSE 200
[debug] [2019-04-05T17:04:37.181Z] >>> HTTP REQUEST GET https://cloudfunctions.googleapis.com/v1/operations/YXNzaXN0YW50c2FtcGxlLWNiNTIxL3VzLWNlbnRyYWwxL2RpYWxvZ2Zsb3dGaXJlYmFzZUZ1bGZpbGxtZW50L3lERk1fNGx0OS13  
 
[debug] [2019-04-05T17:04:37.302Z] <<< HTTP RESPONSE 200
[debug] [2019-04-05T17:04:39.304Z] >>> HTTP REQUEST GET https://cloudfunctions.googleapis.com/v1/operations/YXNzaXN0YW50c2FtcGxlLWNiNTIxL3VzLWNlbnRyYWwxL2RpYWxvZ2Zsb3dGaXJlYmFzZUZ1bGZpbGxtZW50L3lERk1fNGx0OS13  
 
[debug] [2019-04-05T17:04:39.429Z] <<< HTTP RESPONSE 200
[debug] [2019-04-05T17:04:41.429Z] >>> HTTP REQUEST GET https://cloudfunctions.googleapis.com/v1/operations/YXNzaXN0YW50c2FtcGxlLWNiNTIxL3VzLWNlbnRyYWwxL2RpYWxvZ2Zsb3dGaXJlYmFzZUZ1bGZpbGxtZW50L3lERk1fNGx0OS13  
 
[debug] [2019-04-05T17:04:41.736Z] <<< HTTP RESPONSE 200
[debug] [2019-04-05T17:04:43.740Z] >>> HTTP REQUEST GET https://cloudfunctions.googleapis.com/v1/operations/YXNzaXN0YW50c2FtcGxlLWNiNTIxL3VzLWNlbnRyYWwxL2RpYWxvZ2Zsb3dGaXJlYmFzZUZ1bGZpbGxtZW50L3lERk1fNGx0OS13  
 
[debug] [2019-04-05T17:04:44.033Z] <<< HTTP RESPONSE 200
[debug] [2019-04-05T17:04:46.035Z] >>> HTTP REQUEST GET https://cloudfunctions.googleapis.com/v1/operations/YXNzaXN0YW50c2FtcGxlLWNiNTIxL3VzLWNlbnRyYWwxL2RpYWxvZ2Zsb3dGaXJlYmFzZUZ1bGZpbGxtZW50L3lERk1fNGx0OS13  
 
[debug] [2019-04-05T17:04:46.353Z] <<< HTTP RESPONSE 200
[debug] [2019-04-05T17:04:48.358Z] >>> HTTP REQUEST GET https://cloudfunctions.googleapis.com/v1/operations/YXNzaXN0YW50c2FtcGxlLWNiNTIxL3VzLWNlbnRyYWwxL2RpYWxvZ2Zsb3dGaXJlYmFzZUZ1bGZpbGxtZW50L3lERk1fNGx0OS13  
 
[debug] [2019-04-05T17:04:48.657Z] <<< HTTP RESPONSE 200
[debug] [2019-04-05T17:04:50.661Z] >>> HTTP REQUEST GET https://cloudfunctions.googleapis.com/v1/operations/YXNzaXN0YW50c2FtcGxlLWNiNTIxL3VzLWNlbnRyYWwxL2RpYWxvZ2Zsb3dGaXJlYmFzZUZ1bGZpbGxtZW50L3lERk1fNGx0OS13  
 
[debug] [2019-04-05T17:04:50.987Z] <<< HTTP RESPONSE 200
[debug] [2019-04-05T17:04:52.990Z] >>> HTTP REQUEST GET https://cloudfunctions.googleapis.com/v1/operations/YXNzaXN0YW50c2FtcGxlLWNiNTIxL3VzLWNlbnRyYWwxL2RpYWxvZ2Zsb3dGaXJlYmFzZUZ1bGZpbGxtZW50L3lERk1fNGx0OS13  
 
[debug] [2019-04-05T17:04:53.119Z] <<< HTTP RESPONSE 200
[debug] [2019-04-05T17:04:55.123Z] >>> HTTP REQUEST GET https://cloudfunctions.googleapis.com/v1/operations/YXNzaXN0YW50c2FtcGxlLWNiNTIxL3VzLWNlbnRyYWwxL2RpYWxvZ2Zsb3dGaXJlYmFzZUZ1bGZpbGxtZW50L3lERk1fNGx0OS13  
 
[debug] [2019-04-05T17:04:55.420Z] <<< HTTP RESPONSE 200
[debug] [2019-04-05T17:04:57.425Z] >>> HTTP REQUEST GET https://cloudfunctions.googleapis.com/v1/operations/YXNzaXN0YW50c2FtcGxlLWNiNTIxL3VzLWNlbnRyYWwxL2RpYWxvZ2Zsb3dGaXJlYmFzZUZ1bGZpbGxtZW50L3lERk1fNGx0OS13  
 
[debug] [2019-04-05T17:04:57.729Z] <<< HTTP RESPONSE 200
[debug] [2019-04-05T17:04:59.734Z] >>> HTTP REQUEST GET https://cloudfunctions.googleapis.com/v1/operations/YXNzaXN0YW50c2FtcGxlLWNiNTIxL3VzLWNlbnRyYWwxL2RpYWxvZ2Zsb3dGaXJlYmFzZUZ1bGZpbGxtZW50L3lERk1fNGx0OS13  
 
[debug] [2019-04-05T17:05:00.023Z] <<< HTTP RESPONSE 200
[debug] [2019-04-05T17:05:02.028Z] >>> HTTP REQUEST GET https://cloudfunctions.googleapis.com/v1/operations/YXNzaXN0YW50c2FtcGxlLWNiNTIxL3VzLWNlbnRyYWwxL2RpYWxvZ2Zsb3dGaXJlYmFzZUZ1bGZpbGxtZW50L3lERk1fNGx0OS13  
 
[debug] [2019-04-05T17:05:02.136Z] <<< HTTP RESPONSE 200
[debug] [2019-04-05T17:05:04.141Z] >>> HTTP REQUEST GET https://cloudfunctions.googleapis.com/v1/operations/YXNzaXN0YW50c2FtcGxlLWNiNTIxL3VzLWNlbnRyYWwxL2RpYWxvZ2Zsb3dGaXJlYmFzZUZ1bGZpbGxtZW50L3lERk1fNGx0OS13  
 
[debug] [2019-04-05T17:05:04.291Z] <<< HTTP RESPONSE 200
[debug] [2019-04-05T17:05:06.295Z] >>> HTTP REQUEST GET https://cloudfunctions.googleapis.com/v1/operations/YXNzaXN0YW50c2FtcGxlLWNiNTIxL3VzLWNlbnRyYWwxL2RpYWxvZ2Zsb3dGaXJlYmFzZUZ1bGZpbGxtZW50L3lERk1fNGx0OS13  
 
[debug] [2019-04-05T17:05:06.588Z] <<< HTTP RESPONSE 200
